<?xml version="1.0" encoding="UTF-8"?>
<!-- Generated by org.testng.reporters.JUnitReportReporter -->
<testsuite hostname="LAPTOP-9LTA3H6S" failures="0" tests="1" name="testCase.LoginTest" time="5.072" errors="0" timestamp="2025-03-25T16:06:04 IST" skipped="0">
  <testcase classname="testCase.LoginTest" name="ADM_01_LoginTest" time="5.072"/>
</testsuite> <!-- testCase.LoginTest -->
