<?xml version="1.0" encoding="UTF-8"?>
<!-- Generated by org.testng.reporters.JUnitReportReporter -->
<testsuite hostname="LAPTOP-9LTA3H6S" failures="0" tests="1" name="testCase.TC_001_LoginTest" time="1.458" errors="0" timestamp="2025-05-31T16:00:27 IST" skipped="0">
  <testcase classname="testCase.TC_001_LoginTest" name="testLogin" time="1.458"/>
</testsuite> <!-- testCase.TC_001_LoginTest -->
