<?xml version="1.0" encoding="UTF-8"?>
<!-- Generated by org.testng.reporters.JUnitReportReporter -->
<testsuite hostname="LAPTOP-9LTA3H6S" failures="0" tests="1" name="testCase.TC_002_AdminTest" time="6.472" errors="0" timestamp="2025-05-31T16:00:27 IST" skipped="0">
  <testcase classname="testCase.TC_002_AdminTest" name="admintest" time="6.472"/>
</testsuite> <!-- testCase.TC_002_AdminTest -->
